<?xml version="1.0" encoding="UTF-8"?>
<testsuite xmlns:xsi="http://www.w3.org/2001/XMLSchema-instance" xsi:noNamespaceSchemaLocation="https://maven.apache.org/surefire/maven-surefire-plugin/xsd/surefire-test-report.xsd" name="ui.tests.GoogleBddTest" time="9.253" tests="2" errors="0" skipped="0" failures="0">
  <properties>
    <property name="sun.desktop" value="windows"/>
    <property name="awt.toolkit" value="sun.awt.windows.WToolkit"/>
    <property name="file.encoding.pkg" value="sun.io"/>
    <property name="java.specification.version" value="1.8"/>
    <property name="sun.cpu.isalist" value="amd64"/>
    <property name="sun.jnu.encoding" value="Cp1252"/>
    <property name="java.class.path" value="C:\Users\volodymyr.bilyi\playground\jgivenselenide\target\test-classes;C:\Users\volodymyr.bilyi\playground\jgivenselenide\target\classes;C:\Users\volodymyr.bilyi\.m2\repository\junit\junit\4.12\junit-4.12.jar;C:\Users\volodymyr.bilyi\.m2\repository\org\hamcrest\hamcrest-core\1.3\hamcrest-core-1.3.jar;C:\Users\volodymyr.bilyi\.m2\repository\com\codeborne\selenide\4.8\selenide-4.8.jar;C:\Users\volodymyr.bilyi\.m2\repository\io\github\bonigarcia\webdrivermanager\1.7.2\webdrivermanager-1.7.2.jar;C:\Users\volodymyr.bilyi\.m2\repository\commons-io\commons-io\2.5\commons-io-2.5.jar;C:\Users\volodymyr.bilyi\.m2\repository\com\typesafe\config\1.2.1\config-1.2.1.jar;C:\Users\volodymyr.bilyi\.m2\repository\org\apache\commons\commons-lang3\3.5\commons-lang3-3.5.jar;C:\Users\volodymyr.bilyi\.m2\repository\org\apache\httpcomponents\httpclient\4.5.3\httpclient-4.5.3.jar;C:\Users\volodymyr.bilyi\.m2\repository\org\rauschig\jarchivelib\0.7.1\jarchivelib-0.7.1.jar;C:\Users\volodymyr.bilyi\.m2\repository\org\apache\commons\commons-compress\1.9\commons-compress-1.9.jar;C:\Users\volodymyr.bilyi\.m2\repository\org\jsoup\jsoup\1.10.2\jsoup-1.10.2.jar;C:\Users\volodymyr.bilyi\.m2\repository\org\apache\httpcomponents\httpcore\4.4.7\httpcore-4.4.7.jar;C:\Users\volodymyr.bilyi\.m2\repository\org\seleniumhq\selenium\selenium-java\3.6.0\selenium-java-3.6.0.jar;C:\Users\volodymyr.bilyi\.m2\repository\org\seleniumhq\selenium\selenium-api\3.6.0\selenium-api-3.6.0.jar;C:\Users\volodymyr.bilyi\.m2\repository\org\seleniumhq\selenium\selenium-chrome-driver\3.6.0\selenium-chrome-driver-3.6.0.jar;C:\Users\volodymyr.bilyi\.m2\repository\org\seleniumhq\selenium\selenium-edge-driver\3.6.0\selenium-edge-driver-3.6.0.jar;C:\Users\volodymyr.bilyi\.m2\repository\org\seleniumhq\selenium\selenium-firefox-driver\3.6.0\selenium-firefox-driver-3.6.0.jar;C:\Users\volodymyr.bilyi\.m2\repository\org\seleniumhq\selenium\selenium-ie-driver\3.6.0\selenium-ie-driver-3.6.0.jar;C:\Users\volodymyr.bilyi\.m2\repository\org\seleniumhq\selenium\selenium-opera-driver\3.6.0\selenium-opera-driver-3.6.0.jar;C:\Users\volodymyr.bilyi\.m2\repository\org\seleniumhq\selenium\selenium-remote-driver\3.6.0\selenium-remote-driver-3.6.0.jar;C:\Users\volodymyr.bilyi\.m2\repository\org\seleniumhq\selenium\selenium-support\3.6.0\selenium-support-3.6.0.jar;C:\Users\volodymyr.bilyi\.m2\repository\org\apache\commons\commons-exec\1.3\commons-exec-1.3.jar;C:\Users\volodymyr.bilyi\.m2\repository\commons-logging\commons-logging\1.2\commons-logging-1.2.jar;C:\Users\volodymyr.bilyi\.m2\repository\net\java\dev\jna\jna\4.1.0\jna-4.1.0.jar;C:\Users\volodymyr.bilyi\.m2\repository\net\java\dev\jna\jna-platform\4.1.0\jna-platform-4.1.0.jar;C:\Users\volodymyr.bilyi\.m2\repository\com\google\code\gson\gson\2.8.2\gson-2.8.2.jar;C:\Users\volodymyr.bilyi\.m2\repository\com\google\guava\guava\23.0\guava-23.0.jar;C:\Users\volodymyr.bilyi\.m2\repository\com\google\code\findbugs\jsr305\1.3.9\jsr305-1.3.9.jar;C:\Users\volodymyr.bilyi\.m2\repository\com\google\errorprone\error_prone_annotations\2.0.18\error_prone_annotations-2.0.18.jar;C:\Users\volodymyr.bilyi\.m2\repository\com\google\j2objc\j2objc-annotations\1.1\j2objc-annotations-1.1.jar;C:\Users\volodymyr.bilyi\.m2\repository\org\codehaus\mojo\animal-sniffer-annotations\1.14\animal-sniffer-annotations-1.14.jar;C:\Users\volodymyr.bilyi\.m2\repository\net\lightbody\bmp\browsermob-core\2.1.5\browsermob-core-2.1.5.jar;C:\Users\volodymyr.bilyi\.m2\repository\net\lightbody\bmp\littleproxy\1.1.0-beta-bmp-17\littleproxy-1.1.0-beta-bmp-17.jar;C:\Users\volodymyr.bilyi\.m2\repository\com\fasterxml\jackson\core\jackson-core\2.8.9\jackson-core-2.8.9.jar;C:\Users\volodymyr.bilyi\.m2\repository\com\fasterxml\jackson\core\jackson-databind\2.8.9\jackson-databind-2.8.9.jar;C:\Users\volodymyr.bilyi\.m2\repository\com\fasterxml\jackson\core\jackson-annotations\2.8.9\jackson-annotations-2.8.9.jar;C:\Users\volodymyr.bilyi\.m2\repository\dnsjava\dnsjava\2.1.8\dnsjava-2.1.8.jar;C:\Users\volodymyr.bilyi\.m2\repository\org\slf4j\jcl-over-slf4j\1.7.25\jcl-over-slf4j-1.7.25.jar;C:\Users\volodymyr.bilyi\.m2\repository\com\jcraft\jzlib\1.1.3\jzlib-1.1.3.jar;C:\Users\volodymyr.bilyi\.m2\repository\io\netty\netty-all\4.0.51.Final\netty-all-4.0.51.Final.jar;C:\Users\volodymyr.bilyi\.m2\repository\org\bouncycastle\bcprov-jdk15on\1.58\bcprov-jdk15on-1.58.jar;C:\Users\volodymyr.bilyi\.m2\repository\org\bouncycastle\bcpkix-jdk15on\1.58\bcpkix-jdk15on-1.58.jar;C:\Users\volodymyr.bilyi\.m2\repository\net\lightbody\bmp\mitm\2.1.5\mitm-2.1.5.jar;C:\Users\volodymyr.bilyi\.m2\repository\com\codeborne\phantomjsdriver\1.4.3\phantomjsdriver-1.4.3.jar;C:\Users\volodymyr.bilyi\.m2\repository\commons-codec\commons-codec\1.10\commons-codec-1.10.jar;C:\Users\volodymyr.bilyi\.m2\repository\com\tngtech\jgiven\jgiven-core\0.15.3\jgiven-core-0.15.3.jar;C:\Users\volodymyr.bilyi\.m2\repository\org\slf4j\slf4j-api\1.7.25\slf4j-api-1.7.25.jar;C:\Users\volodymyr.bilyi\.m2\repository\com\thoughtworks\paranamer\paranamer\2.8\paranamer-2.8.jar;C:\Users\volodymyr.bilyi\.m2\repository\net\bytebuddy\byte-buddy\1.6.12\byte-buddy-1.6.12.jar;C:\Users\volodymyr.bilyi\.m2\repository\org\fusesource\jansi\jansi\1.15\jansi-1.15.jar;C:\Users\volodymyr.bilyi\.m2\repository\com\tngtech\jgiven\jgiven-html5-report\0.15.3\jgiven-html5-report-0.15.3.jar;C:\Users\volodymyr.bilyi\.m2\repository\com\tngtech\jgiven\jgiven-html-app\0.15.3\jgiven-html-app-0.15.3.jar;C:\Users\volodymyr.bilyi\.m2\repository\com\tngtech\jgiven\jgiven-junit\0.15.3\jgiven-junit-0.15.3.jar;"/>
    <property name="java.vm.vendor" value="Oracle Corporation"/>
    <property name="sun.arch.data.model" value="64"/>
    <property name="user.variant" value=""/>
    <property name="java.vendor.url" value="http://java.oracle.com/"/>
    <property name="user.timezone" value=""/>
    <property name="java.vm.specification.version" value="1.8"/>
    <property name="os.name" value="Windows 7"/>
    <property name="user.country" value="US"/>
    <property name="sun.java.launcher" value="SUN_STANDARD"/>
    <property name="sun.boot.library.path" value="C:\Program Files\Java\jdk1.8.0_151\jre\bin"/>
    <property name="selenide.browser" value="chrome"/>
    <property name="sun.java.command" value="C:\Users\VOLODY~1.BIL\AppData\Local\Temp\surefire1473873770832170327\surefirebooter7956251311614032228.jar C:\Users\volodymyr.bilyi\AppData\Local\Temp\surefire1473873770832170327 2017-12-18T10-41-33_349-jvmRun1 surefire6834359501947800284tmp surefire_01286137487242687625tmp"/>
    <property name="surefire.test.class.path" value="C:\Users\volodymyr.bilyi\playground\jgivenselenide\target\test-classes;C:\Users\volodymyr.bilyi\playground\jgivenselenide\target\classes;C:\Users\volodymyr.bilyi\.m2\repository\junit\junit\4.12\junit-4.12.jar;C:\Users\volodymyr.bilyi\.m2\repository\org\hamcrest\hamcrest-core\1.3\hamcrest-core-1.3.jar;C:\Users\volodymyr.bilyi\.m2\repository\com\codeborne\selenide\4.8\selenide-4.8.jar;C:\Users\volodymyr.bilyi\.m2\repository\io\github\bonigarcia\webdrivermanager\1.7.2\webdrivermanager-1.7.2.jar;C:\Users\volodymyr.bilyi\.m2\repository\commons-io\commons-io\2.5\commons-io-2.5.jar;C:\Users\volodymyr.bilyi\.m2\repository\com\typesafe\config\1.2.1\config-1.2.1.jar;C:\Users\volodymyr.bilyi\.m2\repository\org\apache\commons\commons-lang3\3.5\commons-lang3-3.5.jar;C:\Users\volodymyr.bilyi\.m2\repository\org\apache\httpcomponents\httpclient\4.5.3\httpclient-4.5.3.jar;C:\Users\volodymyr.bilyi\.m2\repository\org\rauschig\jarchivelib\0.7.1\jarchivelib-0.7.1.jar;C:\Users\volodymyr.bilyi\.m2\repository\org\apache\commons\commons-compress\1.9\commons-compress-1.9.jar;C:\Users\volodymyr.bilyi\.m2\repository\org\jsoup\jsoup\1.10.2\jsoup-1.10.2.jar;C:\Users\volodymyr.bilyi\.m2\repository\org\apache\httpcomponents\httpcore\4.4.7\httpcore-4.4.7.jar;C:\Users\volodymyr.bilyi\.m2\repository\org\seleniumhq\selenium\selenium-java\3.6.0\selenium-java-3.6.0.jar;C:\Users\volodymyr.bilyi\.m2\repository\org\seleniumhq\selenium\selenium-api\3.6.0\selenium-api-3.6.0.jar;C:\Users\volodymyr.bilyi\.m2\repository\org\seleniumhq\selenium\selenium-chrome-driver\3.6.0\selenium-chrome-driver-3.6.0.jar;C:\Users\volodymyr.bilyi\.m2\repository\org\seleniumhq\selenium\selenium-edge-driver\3.6.0\selenium-edge-driver-3.6.0.jar;C:\Users\volodymyr.bilyi\.m2\repository\org\seleniumhq\selenium\selenium-firefox-driver\3.6.0\selenium-firefox-driver-3.6.0.jar;C:\Users\volodymyr.bilyi\.m2\repository\org\seleniumhq\selenium\selenium-ie-driver\3.6.0\selenium-ie-driver-3.6.0.jar;C:\Users\volodymyr.bilyi\.m2\repository\org\seleniumhq\selenium\selenium-opera-driver\3.6.0\selenium-opera-driver-3.6.0.jar;C:\Users\volodymyr.bilyi\.m2\repository\org\seleniumhq\selenium\selenium-remote-driver\3.6.0\selenium-remote-driver-3.6.0.jar;C:\Users\volodymyr.bilyi\.m2\repository\org\seleniumhq\selenium\selenium-support\3.6.0\selenium-support-3.6.0.jar;C:\Users\volodymyr.bilyi\.m2\repository\org\apache\commons\commons-exec\1.3\commons-exec-1.3.jar;C:\Users\volodymyr.bilyi\.m2\repository\commons-logging\commons-logging\1.2\commons-logging-1.2.jar;C:\Users\volodymyr.bilyi\.m2\repository\net\java\dev\jna\jna\4.1.0\jna-4.1.0.jar;C:\Users\volodymyr.bilyi\.m2\repository\net\java\dev\jna\jna-platform\4.1.0\jna-platform-4.1.0.jar;C:\Users\volodymyr.bilyi\.m2\repository\com\google\code\gson\gson\2.8.2\gson-2.8.2.jar;C:\Users\volodymyr.bilyi\.m2\repository\com\google\guava\guava\23.0\guava-23.0.jar;C:\Users\volodymyr.bilyi\.m2\repository\com\google\code\findbugs\jsr305\1.3.9\jsr305-1.3.9.jar;C:\Users\volodymyr.bilyi\.m2\repository\com\google\errorprone\error_prone_annotations\2.0.18\error_prone_annotations-2.0.18.jar;C:\Users\volodymyr.bilyi\.m2\repository\com\google\j2objc\j2objc-annotations\1.1\j2objc-annotations-1.1.jar;C:\Users\volodymyr.bilyi\.m2\repository\org\codehaus\mojo\animal-sniffer-annotations\1.14\animal-sniffer-annotations-1.14.jar;C:\Users\volodymyr.bilyi\.m2\repository\net\lightbody\bmp\browsermob-core\2.1.5\browsermob-core-2.1.5.jar;C:\Users\volodymyr.bilyi\.m2\repository\net\lightbody\bmp\littleproxy\1.1.0-beta-bmp-17\littleproxy-1.1.0-beta-bmp-17.jar;C:\Users\volodymyr.bilyi\.m2\repository\com\fasterxml\jackson\core\jackson-core\2.8.9\jackson-core-2.8.9.jar;C:\Users\volodymyr.bilyi\.m2\repository\com\fasterxml\jackson\core\jackson-databind\2.8.9\jackson-databind-2.8.9.jar;C:\Users\volodymyr.bilyi\.m2\repository\com\fasterxml\jackson\core\jackson-annotations\2.8.9\jackson-annotations-2.8.9.jar;C:\Users\volodymyr.bilyi\.m2\repository\dnsjava\dnsjava\2.1.8\dnsjava-2.1.8.jar;C:\Users\volodymyr.bilyi\.m2\repository\org\slf4j\jcl-over-slf4j\1.7.25\jcl-over-slf4j-1.7.25.jar;C:\Users\volodymyr.bilyi\.m2\repository\com\jcraft\jzlib\1.1.3\jzlib-1.1.3.jar;C:\Users\volodymyr.bilyi\.m2\repository\io\netty\netty-all\4.0.51.Final\netty-all-4.0.51.Final.jar;C:\Users\volodymyr.bilyi\.m2\repository\org\bouncycastle\bcprov-jdk15on\1.58\bcprov-jdk15on-1.58.jar;C:\Users\volodymyr.bilyi\.m2\repository\org\bouncycastle\bcpkix-jdk15on\1.58\bcpkix-jdk15on-1.58.jar;C:\Users\volodymyr.bilyi\.m2\repository\net\lightbody\bmp\mitm\2.1.5\mitm-2.1.5.jar;C:\Users\volodymyr.bilyi\.m2\repository\com\codeborne\phantomjsdriver\1.4.3\phantomjsdriver-1.4.3.jar;C:\Users\volodymyr.bilyi\.m2\repository\commons-codec\commons-codec\1.10\commons-codec-1.10.jar;C:\Users\volodymyr.bilyi\.m2\repository\com\tngtech\jgiven\jgiven-core\0.15.3\jgiven-core-0.15.3.jar;C:\Users\volodymyr.bilyi\.m2\repository\org\slf4j\slf4j-api\1.7.25\slf4j-api-1.7.25.jar;C:\Users\volodymyr.bilyi\.m2\repository\com\thoughtworks\paranamer\paranamer\2.8\paranamer-2.8.jar;C:\Users\volodymyr.bilyi\.m2\repository\net\bytebuddy\byte-buddy\1.6.12\byte-buddy-1.6.12.jar;C:\Users\volodymyr.bilyi\.m2\repository\org\fusesource\jansi\jansi\1.15\jansi-1.15.jar;C:\Users\volodymyr.bilyi\.m2\repository\com\tngtech\jgiven\jgiven-html5-report\0.15.3\jgiven-html5-report-0.15.3.jar;C:\Users\volodymyr.bilyi\.m2\repository\com\tngtech\jgiven\jgiven-html-app\0.15.3\jgiven-html-app-0.15.3.jar;C:\Users\volodymyr.bilyi\.m2\repository\com\tngtech\jgiven\jgiven-junit\0.15.3\jgiven-junit-0.15.3.jar;"/>
    <property name="sun.cpu.endian" value="little"/>
    <property name="user.home" value="C:\Users\volodymyr.bilyi"/>
    <property name="user.language" value="en"/>
    <property name="java.specification.vendor" value="Oracle Corporation"/>
    <property name="java.home" value="C:\Program Files\Java\jdk1.8.0_151\jre"/>
    <property name="basedir" value="C:\Users\volodymyr.bilyi\playground\jgivenselenide"/>
    <property name="file.separator" value="\"/>
    <property name="line.separator" value="&#10;"/>
    <property name="java.vm.specification.vendor" value="Oracle Corporation"/>
    <property name="java.specification.name" value="Java Platform API Specification"/>
    <property name="java.awt.graphicsenv" value="sun.awt.Win32GraphicsEnvironment"/>
    <property name="surefire.real.class.path" value="C:\Users\VOLODY~1.BIL\AppData\Local\Temp\surefire1473873770832170327\surefirebooter7956251311614032228.jar"/>
    <property name="sun.boot.class.path" value="C:\Program Files\Java\jdk1.8.0_151\jre\lib\resources.jar;C:\Program Files\Java\jdk1.8.0_151\jre\lib\rt.jar;C:\Program Files\Java\jdk1.8.0_151\jre\lib\sunrsasign.jar;C:\Program Files\Java\jdk1.8.0_151\jre\lib\jsse.jar;C:\Program Files\Java\jdk1.8.0_151\jre\lib\jce.jar;C:\Program Files\Java\jdk1.8.0_151\jre\lib\charsets.jar;C:\Program Files\Java\jdk1.8.0_151\jre\lib\jfr.jar;C:\Program Files\Java\jdk1.8.0_151\jre\classes"/>
    <property name="user.script" value=""/>
    <property name="sun.management.compiler" value="HotSpot 64-Bit Tiered Compilers"/>
    <property name="java.runtime.version" value="1.8.0_151-b12"/>
    <property name="user.name" value="volodymyr.bilyi"/>
    <property name="path.separator" value=";"/>
    <property name="os.version" value="6.1"/>
    <property name="java.endorsed.dirs" value="C:\Program Files\Java\jdk1.8.0_151\jre\lib\endorsed"/>
    <property name="java.runtime.name" value="Java(TM) SE Runtime Environment"/>
    <property name="file.encoding" value="Cp1252"/>
    <property name="java.vm.name" value="Java HotSpot(TM) 64-Bit Server VM"/>
    <property name="localRepository" value="C:\Users\volodymyr.bilyi\.m2\repository"/>
    <property name="java.vendor.url.bug" value="http://bugreport.sun.com/bugreport/"/>
    <property name="java.io.tmpdir" value="C:\Users\VOLODY~1.BIL\AppData\Local\Temp\"/>
    <property name="idea.version" value="2017.3.1"/>
    <property name="java.version" value="1.8.0_151"/>
    <property name="user.dir" value="C:\Users\volodymyr.bilyi\playground\jgivenselenide"/>
    <property name="os.arch" value="amd64"/>
    <property name="java.vm.specification.name" value="Java Virtual Machine Specification"/>
    <property name="java.awt.printerjob" value="sun.awt.windows.WPrinterJob"/>
    <property name="sun.os.patch.level" value="Service Pack 1"/>
    <property name="java.library.path" value="C:\Program Files\Java\jdk1.8.0_151\jre\bin;C:\Windows\Sun\Java\bin;C:\Windows\system32;C:\Windows;C:\ProgramData\Oracle\Java\javapath;C:\Windows\system32;C:\Windows;C:\Windows\System32\Wbem;C:\Windows\System32\WindowsPowerShell\v1.0\;C:\Windows\System32\WindowsPowerShell\v1.0\;%GROOVY_HOME%\bin;C:\Program Files\nodejs\;C:\Users\volodymyr.bilyi\AppData\Roaming\npm;."/>
    <property name="java.vm.info" value="mixed mode"/>
    <property name="java.vendor" value="Oracle Corporation"/>
    <property name="java.vm.version" value="25.151-b12"/>
    <property name="java.ext.dirs" value="C:\Program Files\Java\jdk1.8.0_151\jre\lib\ext;C:\Windows\Sun\Java\lib\ext"/>
    <property name="sun.io.unicode.encoding" value="UnicodeLittle"/>
    <property name="java.class.version" value="52.0"/>
  </properties>
  <testcase name="shouldFindSelenide" classname="ui.tests.GoogleBddTest" time="7.559"/>
  <testcase name="shouldFindSelenium" classname="ui.tests.GoogleBddTest" time="1.494"/>
</testsuite>